<?xml version="1.0" encoding="UTF-8"?>
<!-- Generated by org.testng.reporters.JUnitXMLReporter -->
<testsuite ignored="0" hostname="LAPTOP-ELHI772V" failures="0" tests="12" name="TechNinjaTest" time="62.116" errors="0" timestamp="2025-01-31T09:44:10 IST">
  <testcase classname="com.techninja.qa.testcases.Register" name="verifyRegisterWithAllFields" time="2.083"/>
  <testcase classname="com.techninja.qa.testcases.Register" name="verifyLoginWithMandatoryFields" time="3.56"/>
  <testcase classname="com.techninja.qa.testcases.Register" name="verifyRegisterWithExistingEmail" time="1.481"/>
  <testcase classname="com.techninja.qa.testcases.Register" name="verifyRegisterWithoutFillAnyFields" time="1.383"/>
  <testcase classname="com.techninja.qa.testcases.Login" name="verifyLoginWithValidCredentilas" time="0.963"/>
  <testcase classname="com.techninja.qa.testcases.Login" name="verifyLoginWithInvalidValidCredentilas" time="1.091"/>
  <testcase classname="com.techninja.qa.testcases.Login" name="verifyLoginWithInvalidEmailWithValidpasswordCredentilas" time="1.142"/>
  <testcase classname="com.techninja.qa.testcases.Login" name="verifyLoginWithoutProvidingCredentilas" time="0.79"/>
  <testcase classname="com.techninja.qa.testcases.search" name="verifysearchWithValidProducts" time="0.612"/>
  <testcase classname="com.techninja.qa.testcases.search" name="verifysearchWithInValidProducts" time="0.628"/>
  <testcase classname="com.techninja.qa.testcases.search" name="VerifySearchWithoutAnyProcuct" time="0.523"/>
  <testcase classname="com.techninja.qa.testcases.Demologin" name="verifyLoginWithValidCredentilas" time="1.059"/>
</testsuite> <!-- TechNinjaTest -->
