<?xml version="1.0" encoding="UTF-8"?>
<!-- Generated by org.testng.reporters.JUnitXMLReporter -->
<testsuite ignored="3" hostname="LAPTOP-ELHI772V" failures="0" tests="1" name="Default test" time="7.894" errors="0" timestamp="2025-02-06T21:56:53 IST">
  <testcase classname="com.techninja.qa.testcases.Login" name="verifyLoginWithInvalidValidCredentilas" time="0.776"/>
  <testcase classname="com.techninja.qa.testcases.Login" name="verifyLoginWithValidCredentilas" time="0.0">
    <ignored/>
  </testcase> <!-- verifyLoginWithValidCredentilas -->
  <testcase classname="com.techninja.qa.testcases.Login" name="verifyLoginWithoutProvidingCredentilas" time="0.0">
    <ignored/>
  </testcase> <!-- verifyLoginWithoutProvidingCredentilas -->
  <testcase classname="com.techninja.qa.testcases.Login" name="verifyLoginWithvalidEmailWithInValidpasswordCredentilas" time="0.0">
    <ignored/>
  </testcase> <!-- verifyLoginWithvalidEmailWithInValidpasswordCredentilas -->
</testsuite> <!-- Default test -->
