<?xml version="1.0" encoding="UTF-8"?>
<!-- Generated by org.testng.reporters.JUnitXMLReporter -->
<testsuite ignored="1" hostname="LAPTOP-ELHI772V" failures="0" tests="1" name="Default test" time="0.261" errors="0" timestamp="2025-02-14T16:49:59 IST">
  <testcase classname="day6.SerilizationandDeserilization" name="convertjson2pojo" time="0.229"/>
  <testcase classname="day6.SerilizationandDeserilization" name="convertPojo2Json" time="0.0">
    <ignored/>
  </testcase> <!-- convertPojo2Json -->
</testsuite> <!-- Default test -->
