<?xml version="1.0" encoding="UTF-8"?>
<testng-results ignored="0" total="1" passed="1" failed="0" skipped="0">
  <reporter-output>
  </reporter-output>
  <suite started-at="2025-02-06T21:56:45 IST" name="Default suite" finished-at="2025-02-06T21:56:53 IST" duration-ms="7894">
    <groups>
    </groups>
    <test started-at="2025-02-06T21:56:45 IST" name="Default test" finished-at="2025-02-06T21:56:53 IST" duration-ms="7894">
      <class name="com.techninja.qa.testcases.Login">
        <test-method is-config="true" signature="setup()[pri:0, instance:com.techninja.qa.testcases.Login@67c27493]" started-at="2025-02-06T21:56:45 IST" name="setup" finished-at="2025-02-06T21:56:52 IST" duration-ms="6805" status="PASS">
          <reporter-output>
          </reporter-output>
        </test-method> <!-- setup -->
        <test-method signature="verifyLoginWithInvalidValidCredentilas()[pri:2, instance:com.techninja.qa.testcases.Login@67c27493]" started-at="2025-02-06T21:56:52 IST" name="verifyLoginWithInvalidValidCredentilas" finished-at="2025-02-06T21:56:53 IST" duration-ms="776" status="PASS">
          <reporter-output>
          </reporter-output>
        </test-method> <!-- verifyLoginWithInvalidValidCredentilas -->
        <test-method is-config="true" signature="tearDown()[pri:0, instance:com.techninja.qa.testcases.Login@67c27493]" started-at="2025-02-06T21:56:53 IST" name="tearDown" finished-at="2025-02-06T21:56:53 IST" duration-ms="255" status="PASS">
          <reporter-output>
          </reporter-output>
        </test-method> <!-- tearDown -->
      </class> <!-- com.techninja.qa.testcases.Login -->
    </test> <!-- Default test -->
  </suite> <!-- Default suite -->
</testng-results>
