<?xml version="1.0" encoding="UTF-8"?>
<testng-results ignored="1" total="2" passed="1" failed="0" skipped="0">
  <reporter-output>
  </reporter-output>
  <suite started-at="2025-02-14T16:49:59 IST" name="Default suite" finished-at="2025-02-14T16:49:59 IST" duration-ms="261">
    <groups>
    </groups>
    <test started-at="2025-02-14T16:49:59 IST" name="Default test" finished-at="2025-02-14T16:49:59 IST" duration-ms="261">
      <class name="day6.SerilizationandDeserilization">
        <test-method signature="convertjson2pojo()[pri:2, instance:day6.SerilizationandDeserilization@2ef3eef9]" started-at="2025-02-14T16:49:59 IST" name="convertjson2pojo" finished-at="2025-02-14T16:49:59 IST" duration-ms="229" status="PASS">
          <reporter-output>
          </reporter-output>
        </test-method> <!-- convertjson2pojo -->
      </class> <!-- day6.SerilizationandDeserilization -->
    </test> <!-- Default test -->
  </suite> <!-- Default suite -->
</testng-results>
